<?xml version="1.0" encoding="UTF-8"?>
<testsuite xmlns:xsi="http://www.w3.org/2001/XMLSchema-instance" xsi:noNamespaceSchemaLocation="https://maven.apache.org/surefire/maven-surefire-plugin/xsd/surefire-test-report.xsd" name="miu_06.SolutionOneTest" time="0.257" tests="6" errors="0" skipped="0" failures="0">
  <properties>
[...]
</properties>
  <testcase name="testOne" classname="miu_06.SolutionOneTest" time="0.108"/>
  <testcase name="testSix" classname="miu_06.SolutionOneTest" time="0.002"/>
  <testcase name="testTwo" classname="miu_06.SolutionOneTest" time="0.004"/>
  <testcase name="testThree" classname="miu_06.SolutionOneTest" time="0.007"/>
  <testcase name="testFive" classname="miu_06.SolutionOneTest" time="0.004"/>
  <testcase name="testFour" classname="miu_06.SolutionOneTest" time="0.026"/>
</testsuite>