<?xml version="1.0" encoding="UTF-8"?>
<testsuite xmlns:xsi="http://www.w3.org/2001/XMLSchema-instance" xsi:noNamespaceSchemaLocation="https://maven.apache.org/surefire/maven-surefire-plugin/xsd/surefire-test-report.xsd" name="miu_03.Maintest" time="0.145" tests="1" errors="0" skipped="0" failures="1">
  <properties>
[...]
</properties>
  <testcase name="testSix" classname="miu_03.Maintest" time="0.09">
    <failure message="expected: [C@702657cc&lt;[b, c]&gt; but was: [C@6a6cb05c&lt;[b, c]&gt;" type="org.opentest4j.AssertionFailedError"><![CDATA[org.opentest4j.AssertionFailedError: expected: [C@702657cc<[b, c]> but was: [C@6a6cb05c<[b, c]>
	at miu_03.Maintest.testSix(Maintest.java:77)
]]></failure>
  </testcase>
</testsuite>